0 info it worked if it ends with ok
1 verbose cli [ '/usr/bin/node',
1 verbose cli   '/usr/bin/npm',
1 verbose cli   'i',
1 verbose cli   '-D',
1 verbose cli   'nanogen',
1 verbose cli   '--loglevel',
1 verbose cli   'error' ]
2 info using npm@3.5.2
3 info using node@v8.10.0
4 silly loadCurrentTree Starting
5 silly install loadCurrentTree
6 silly install readLocalPackageData
7 silly fetchPackageMetaData nanogen
8 silly fetchNamedPackageData nanogen
9 silly mapToRegistry name nanogen
10 silly mapToRegistry using default registry
11 silly mapToRegistry registry https://registry.npmjs.org/
12 silly mapToRegistry uri https://registry.npmjs.org/nanogen
13 verbose request uri https://registry.npmjs.org/nanogen
14 verbose request no auth needed
15 info attempt registry request try #1 at 4:32:39 PM
16 verbose request id c12a7b8a4d5819e2
17 verbose etag W/"ada46f164195fd0a8bc213b3db47e35a"
18 verbose lastModified Thu, 04 Oct 2018 14:28:37 GMT
19 http request GET https://registry.npmjs.org/nanogen
20 http 304 https://registry.npmjs.org/nanogen
21 verbose headers { date: 'Sun, 25 Aug 2019 22:32:39 GMT',
21 verbose headers   connection: 'keep-alive',
21 verbose headers   'set-cookie':
21 verbose headers    [ '__cfduid=d1ab86c5a0abd1d6d8941ecd788d431ac1566772359; expires=Mon, 24-Aug-20 22:32:39 GMT; path=/; domain=.npmjs.org; HttpOnly' ],
21 verbose headers   'cf-cache-status': 'HIT',
21 verbose headers   'cache-control': 'max-age=300',
21 verbose headers   'cf-ray': '50c105edb83439e6-PHX',
21 verbose headers   age: '171',
21 verbose headers   etag: '"ada46f164195fd0a8bc213b3db47e35a"',
21 verbose headers   'expect-ct': 'max-age=604800, report-uri="https://report-uri.cloudflare.com/cdn-cgi/beacon/expect-ct"',
21 verbose headers   'last-modified': 'Thu, 04 Oct 2018 14:28:37 GMT',
21 verbose headers   vary: 'accept-encoding, accept',
21 verbose headers   'x-amz-meta-rev': '11-e1030d9e5719006eddca244780998a4e',
21 verbose headers   server: 'cloudflare' }
22 silly get cb [ 304,
22 silly get   { date: 'Sun, 25 Aug 2019 22:32:39 GMT',
22 silly get     connection: 'keep-alive',
22 silly get     'set-cookie':
22 silly get      [ '__cfduid=d1ab86c5a0abd1d6d8941ecd788d431ac1566772359; expires=Mon, 24-Aug-20 22:32:39 GMT; path=/; domain=.npmjs.org; HttpOnly' ],
22 silly get     'cf-cache-status': 'HIT',
22 silly get     'cache-control': 'max-age=300',
22 silly get     'cf-ray': '50c105edb83439e6-PHX',
22 silly get     age: '171',
22 silly get     etag: '"ada46f164195fd0a8bc213b3db47e35a"',
22 silly get     'expect-ct': 'max-age=604800, report-uri="https://report-uri.cloudflare.com/cdn-cgi/beacon/expect-ct"',
22 silly get     'last-modified': 'Thu, 04 Oct 2018 14:28:37 GMT',
22 silly get     vary: 'accept-encoding, accept',
22 silly get     'x-amz-meta-rev': '11-e1030d9e5719006eddca244780998a4e',
22 silly get     server: 'cloudflare' } ]
23 verbose etag https://registry.npmjs.org/nanogen from cache
24 verbose get saving nanogen to /home/joshua/.npm/registry.npmjs.org/nanogen/.cache.json
25 silly install normalizeTree
26 silly loadCurrentTree Finishing
27 silly loadIdealTree Starting
28 silly install loadIdealTree
29 silly cloneCurrentTree Starting
30 silly install cloneCurrentTreeToIdealTree
31 silly cloneCurrentTree Finishing
32 silly loadShrinkwrap Starting
33 silly install loadShrinkwrap
34 silly loadShrinkwrap Finishing
35 silly loadAllDepsIntoIdealTree Starting
36 silly install loadAllDepsIntoIdealTree
37 silly rollbackFailedOptional Starting
38 silly rollbackFailedOptional Finishing
39 silly runTopLevelLifecycles Starting
40 silly runTopLevelLifecycles Finishing
41 silly install printInstalled
42 verbose stack Error: Refusing to install nanogen as a dependency of itself
42 verbose stack     at checkSelf (/usr/share/npm/lib/install/validate-args.js:40:14)
42 verbose stack     at Array.<anonymous> (/usr/share/npm/node_modules/slide/lib/bind-actor.js:15:8)
42 verbose stack     at LOOP (/usr/share/npm/node_modules/slide/lib/chain.js:15:14)
42 verbose stack     at chain (/usr/share/npm/node_modules/slide/lib/chain.js:20:5)
42 verbose stack     at /usr/share/npm/lib/install/validate-args.js:15:5
42 verbose stack     at /usr/share/npm/node_modules/slide/lib/async-map.js:52:35
42 verbose stack     at Array.forEach (<anonymous>)
42 verbose stack     at /usr/share/npm/node_modules/slide/lib/async-map.js:52:11
42 verbose stack     at Array.forEach (<anonymous>)
42 verbose stack     at asyncMap (/usr/share/npm/node_modules/slide/lib/async-map.js:51:8)
43 verbose cwd /home/joshua/Desktop/nanogen
44 error Linux 4.15.0-58-generic
45 error argv "/usr/bin/node" "/usr/bin/npm" "i" "-D" "nanogen" "--loglevel" "error"
46 error node v8.10.0
47 error npm  v3.5.2
48 error code ENOSELF
49 error Refusing to install nanogen as a dependency of itself
50 error If you need help, you may report this error at:
50 error     <https://github.com/npm/npm/issues>
51 verbose exit [ 1, true ]
